[2013-11-06 11:13:10] START
[2013-11-13 21:44:29] EDIT Performatrix/views/default/selfEvaluate.html: 1
[2013-11-13 21:47:23] EDIT Performatrix/views/default/selfEvaluate.html: 0
[2013-11-13 21:48:10] EDIT Performatrix/views/default/selfEvaluate.html: 0
[2013-11-13 21:56:12] EDIT Performatrix/views/default/selfEvaluate.html: 7
[2013-11-13 21:58:24] EDIT Performatrix/views/default/selfEvaluate.html: 0
[2013-11-13 22:01:09] EDIT Performatrix/views/default/selfEvaluate.html: 0
[2013-11-13 22:02:01] EDIT Performatrix/views/default/selfEvaluate.html: 1
[2013-11-13 22:03:43] EDIT Performatrix/views/default/selfEvaluate.html: 0
[2013-11-13 22:04:05] EDIT Performatrix/views/default/selfEvaluate.html: 3
[2013-11-13 22:04:25] EDIT Performatrix/views/default/selfEvaluate.html: 3
[2013-11-13 22:04:37] EDIT Performatrix/views/default/selfEvaluate.html: 0
[2013-11-13 22:05:47] EDIT Performatrix/views/default/selfEvaluate.html: 0
[2013-11-13 22:06:19] EDIT Performatrix/views/default/selfEvaluate.html: 0
[2013-11-13 22:09:31] EDIT Performatrix/views/default/selfEvaluate.html: 9
[2013-11-13 22:13:38] EDIT Performatrix/views/default/selfEvaluate.html: 12
[2013-11-13 22:15:43] EDIT Performatrix/views/default/selfEvaluate.html: 9
[2013-11-13 22:16:39] EDIT Performatrix/views/default/selfEvaluate.html: 0
[2013-11-13 22:16:51] EDIT Performatrix/views/default/selfEvaluate.html: 0
[2013-11-13 22:17:03] EDIT Performatrix/views/default/selfEvaluate.html: 0
[2013-11-13 22:24:18] EDIT Performatrix/views/default/selfEvaluate.html: 4
[2013-11-13 22:25:04] EDIT Performatrix/views/default/selfEvaluate.html: 0
[2013-11-13 22:27:44] EDIT Performatrix/views/default/selfEvaluate.html: 1
[2013-11-13 22:28:36] EDIT Performatrix/views/default/selfEvaluate.html: 0
[2013-11-13 22:29:12] EDIT Performatrix/views/default/selfEvaluate.html: 0
[2013-11-13 22:29:28] EDIT Performatrix/views/default/selfEvaluate.html: 0
[2013-11-13 22:29:44] EDIT Performatrix/views/default/selfEvaluate.html: 0
[2013-11-13 22:29:54] EDIT Performatrix/views/default/selfEvaluate.html: 0
[2013-11-13 22:31:16] EDIT Performatrix/views/default/selfEvaluate.html: 0
[2013-11-13 22:31:58] EDIT Performatrix/views/default/selfEvaluate.html: 0
[2013-11-13 22:33:08] EDIT Performatrix/views/default/selfEvaluate.html: 0
[2013-11-13 22:33:38] EDIT Performatrix/views/default/selfEvaluate.html: -3
[2013-11-13 22:33:58] EDIT Performatrix/views/default/selfEvaluate.html: 0
[2013-11-13 22:34:14] EDIT Performatrix/views/default/selfEvaluate.html: 0
[2013-11-13 22:35:28] EDIT Performatrix/views/default/selfEvaluate.html: 3
[2013-11-13 22:35:45] EDIT Performatrix/views/default/selfEvaluate.html: 1
[2013-11-13 22:35:57] EDIT Performatrix/views/default/selfEvaluate.html: 0
[2013-11-13 22:36:09] EDIT Performatrix/views/default/selfEvaluate.html: 0
[2013-11-13 22:37:10] EDIT Performatrix/views/default/selfEvaluate.html: 0
[2013-11-13 22:37:47] EDIT Performatrix/views/default/selfEvaluate.html: 0
[2013-11-13 22:37:57] EDIT Performatrix/views/default/selfEvaluate.html: 0
[2013-11-13 22:46:48] EDIT Performatrix/models/db.py: -2
[2013-11-13 22:59:31] EDIT Performatrix/views/default/selfEvaluate.html: 0
[2013-11-14 01:27:34] EDIT Performatrix/views/default/rateTeam.html: 14
[2013-11-14 01:29:35] EDIT Performatrix/views/default/rateTeam.html: 4
[2013-11-14 01:30:47] EDIT Performatrix/views/default/rateTeam.html: 0
[2013-11-14 01:31:28] EDIT Performatrix/views/default/rateTeam.html: 0
[2013-11-14 01:32:03] EDIT Performatrix/views/default/rateTeam.html: 3
[2013-11-14 01:32:40] EDIT Performatrix/views/default/rateTeam.html: -3
[2013-11-14 01:33:52] EDIT Performatrix/views/default/rateTeam.html: -3
[2013-11-14 01:35:28] EDIT Performatrix/views/default/rateTeam.html: 3
[2013-11-14 01:37:06] EDIT Performatrix/views/default/addDetails.html: 0
[2013-11-14 01:37:20] EDIT Performatrix/views/default/addDetails.html: 0
[2013-11-14 01:37:40] EDIT Performatrix/views/default/rateTeam.html: -3
[2013-11-14 01:38:03] EDIT Performatrix/views/default/rateTeam.html: 0
[2013-11-14 01:39:30] EDIT Performatrix/views/default/rateTeam.html: -4
[2013-11-14 01:39:46] EDIT Performatrix/views/default/rateTeam.html: 3
[2013-11-14 01:39:53] EDIT Performatrix/views/default/rateTeam.html: 0
[2013-11-14 01:40:40] EDIT Performatrix/views/default/rateTeam.html: 3
[2013-11-14 01:41:50] EDIT Performatrix/views/default/rateTeam.html: 3
[2013-11-14 01:43:11] EDIT Performatrix/views/default/rateTeam.html: 3
[2013-11-14 01:44:01] EDIT Performatrix/views/default/rateTeam.html: 5
[2013-11-14 01:45:28] EDIT Performatrix/views/default/rateTeam.html: 6
[2013-11-14 01:45:58] EDIT Performatrix/views/default/rateTeam.html: 1
[2013-11-14 01:46:34] EDIT Performatrix/views/default/rateTeam.html: 3
[2013-11-14 01:48:02] EDIT Performatrix/views/default/rateTeam.html: 1
[2013-11-14 01:49:13] EDIT Performatrix/views/default/rateTeam.html: 3
[2013-11-14 01:49:55] EDIT Performatrix/views/default/rateTeam.html: 0
[2013-11-14 01:50:31] EDIT Performatrix/views/default/rateTeam.html: 6
[2013-11-14 01:51:28] EDIT Performatrix/views/default/rateTeam.html: 3
[2013-11-14 11:36:36] EDIT Performatrix/views/default/rateTeam.html: 21
[2013-11-14 11:38:11] EDIT Performatrix/views/default/rateTeam.html: 6
[2013-11-14 11:44:48] EDIT Performatrix/views/default/rateTeam.html: 30
[2013-11-14 11:47:34] EDIT Performatrix/views/default/rateTeam.html: 6
[2013-11-14 11:50:45] EDIT Performatrix/views/default/rateTeam.html: 3
[2013-11-14 11:57:57] EDIT Performatrix/views/default/rateTeam.html: 27
[2013-11-14 12:02:34] EDIT Performatrix/views/default/rateTeam.html: 18
[2013-11-14 13:41:43] EDIT Performatrix/views/default/rateTeam.html: 33
[2013-11-14 13:46:38] EDIT Performatrix/views/default/rateTeam.html: 27
[2013-11-14 13:47:26] EDIT Performatrix/views/default/rateTeam.html: 1
[2013-11-14 13:47:49] EDIT Performatrix/views/default/rateTeam.html: 1
[2013-11-14 13:47:57] EDIT Performatrix/views/default/rateTeam.html: 0
[2013-11-14 13:48:59] EDIT Performatrix/views/default/selfEvaluate.html: 2
[2013-11-14 13:49:22] EDIT Performatrix/views/default/addDetails.html: 2
[2013-11-14 13:49:40] EDIT Performatrix/views/default/myperformance.html: 2
[2013-11-14 13:49:54] EDIT Performatrix/views/default/overallRating.html: 2
[2013-11-14 13:50:08] EDIT Performatrix/views/default/suggestions.html: 2
[2013-11-14 13:50:45] EDIT Performatrix/views/default/addDetails.html: 0
[2013-11-14 13:52:05] EDIT Performatrix/views/default/addDetails.html: 0
[2013-11-14 13:53:07] EDIT Performatrix/views/default/rateTeam.html: 2
[2013-11-14 13:54:03] EDIT Performatrix/views/default/rateTeam.html: 0
[2013-11-14 13:54:40] EDIT Performatrix/views/default/rateTeam.html: 0
[2013-11-14 13:54:42] EDIT Performatrix/views/default/rateTeam.html: 0
[2013-11-14 13:55:11] EDIT Performatrix/views/default/rateTeam.html: 0
[2013-11-14 13:55:52] EDIT Performatrix/views/default/rateTeam.html: 0
[2013-11-14 13:56:02] EDIT Performatrix/views/default/rateTeam.html: 0
[2013-11-14 13:56:13] EDIT Performatrix/views/default/rateTeam.html: 0
[2013-11-14 13:56:33] EDIT Performatrix/views/default/rateTeam.html: 0
[2013-11-14 13:57:52] EDIT Performatrix/views/default/rateTeam.html: 0
[2013-11-14 13:58:18] EDIT Performatrix/views/default/rateTeam.html: 0
[2013-11-14 13:59:57] EDIT Performatrix/views/default/rateTeam.html: 1
[2013-11-14 14:00:14] EDIT Performatrix/views/default/rateTeam.html: 0
[2013-11-14 14:00:56] EDIT Performatrix/views/default/rateTeam.html: 0
